<?xml version="1.0" encoding="UTF-8"?>
<testsuite name="AppTest" tests="1" skipped="0" failures="0" errors="0" timestamp="2019-09-21T12:17:37" hostname="LAPTOP-OQ8DLTES" time="0.005">
  <properties/>
  <testcase name="testAppHasAGreeting" classname="AppTest" time="0.005"/>
  <system-out><![CDATA[]]></system-out>
  <system-err><![CDATA[]]></system-err>
</testsuite>
